0 info it worked if it ends with ok
1 verbose cli [ '/usr/bin/nodejs', '/usr/bin/npm', 'install', 'sha1', 'mongodb' ]
2 info using npm@1.3.10
3 info using node@v0.10.25
4 warn package.json files_manager@1.0.0 No repository field.
5 verbose readDependencies using package.json deps
6 verbose cache add [ 'sha1@^1.1.1', null ]
7 verbose cache add name=undefined spec="sha1@^1.1.1" args=["sha1@^1.1.1",null]
8 verbose parsed url { protocol: null,
8 verbose parsed url   slashes: null,
8 verbose parsed url   auth: null,
8 verbose parsed url   host: null,
8 verbose parsed url   port: null,
8 verbose parsed url   hostname: null,
8 verbose parsed url   hash: null,
8 verbose parsed url   search: null,
8 verbose parsed url   query: null,
8 verbose parsed url   pathname: 'sha1@^1.1.1',
8 verbose parsed url   path: 'sha1@^1.1.1',
8 verbose parsed url   href: 'sha1@^1.1.1' }
9 verbose cache add name="sha1" spec="^1.1.1" args=["sha1","^1.1.1"]
10 verbose parsed url { protocol: null,
10 verbose parsed url   slashes: null,
10 verbose parsed url   auth: null,
10 verbose parsed url   host: null,
10 verbose parsed url   port: null,
10 verbose parsed url   hostname: null,
10 verbose parsed url   hash: null,
10 verbose parsed url   search: null,
10 verbose parsed url   query: null,
10 verbose parsed url   pathname: '^1.1.1',
10 verbose parsed url   path: '^1.1.1',
10 verbose parsed url   href: '^1.1.1' }
11 verbose addNamed [ 'sha1', '^1.1.1' ]
12 verbose addNamed [ null, '>=1.1.1-0 <2.0.0-0' ]
13 verbose cache add [ 'mongodb@^3.5.9', null ]
14 verbose cache add name=undefined spec="mongodb@^3.5.9" args=["mongodb@^3.5.9",null]
15 verbose parsed url { protocol: null,
15 verbose parsed url   slashes: null,
15 verbose parsed url   auth: null,
15 verbose parsed url   host: null,
15 verbose parsed url   port: null,
15 verbose parsed url   hostname: null,
15 verbose parsed url   hash: null,
15 verbose parsed url   search: null,
15 verbose parsed url   query: null,
15 verbose parsed url   pathname: 'mongodb@^3.5.9',
15 verbose parsed url   path: 'mongodb@^3.5.9',
15 verbose parsed url   href: 'mongodb@^3.5.9' }
16 verbose cache add name="mongodb" spec="^3.5.9" args=["mongodb","^3.5.9"]
17 verbose parsed url { protocol: null,
17 verbose parsed url   slashes: null,
17 verbose parsed url   auth: null,
17 verbose parsed url   host: null,
17 verbose parsed url   port: null,
17 verbose parsed url   hostname: null,
17 verbose parsed url   hash: null,
17 verbose parsed url   search: null,
17 verbose parsed url   query: null,
17 verbose parsed url   pathname: '^3.5.9',
17 verbose parsed url   path: '^3.5.9',
17 verbose parsed url   href: '^3.5.9' }
18 verbose addNamed [ 'mongodb', '^3.5.9' ]
19 verbose addNamed [ null, '>=3.5.9-0 <4.0.0-0' ]
20 silly lockFile 5d16e1bc-sha1-1-1-1 sha1@^1.1.1
21 verbose lock sha1@^1.1.1 /root/.npm/5d16e1bc-sha1-1-1-1.lock
22 silly lockFile b7113ca0-mongodb-3-5-9 mongodb@^3.5.9
23 verbose lock mongodb@^3.5.9 /root/.npm/b7113ca0-mongodb-3-5-9.lock
24 silly addNameRange { name: 'sha1', range: '>=1.1.1-0 <2.0.0-0', hasData: false }
25 silly addNameRange { name: 'mongodb', range: '>=3.5.9-0 <4.0.0-0', hasData: false }
26 verbose url raw sha1
27 verbose url resolving [ 'https://registry.npmjs.org/', './sha1' ]
28 verbose url resolved https://registry.npmjs.org/sha1
29 info trying registry request attempt 1 at 07:06:47
30 http GET https://registry.npmjs.org/sha1
31 verbose url raw mongodb
32 verbose url resolving [ 'https://registry.npmjs.org/', './mongodb' ]
33 verbose url resolved https://registry.npmjs.org/mongodb
34 info trying registry request attempt 1 at 07:06:47
35 http GET https://registry.npmjs.org/mongodb
36 info retry will retry, error on last attempt: Error: CERT_UNTRUSTED
37 info retry will retry, error on last attempt: Error: CERT_UNTRUSTED
38 info trying registry request attempt 2 at 07:06:57
39 http GET https://registry.npmjs.org/mongodb
40 info trying registry request attempt 2 at 07:06:57
41 http GET https://registry.npmjs.org/sha1
42 info retry will retry, error on last attempt: Error: CERT_UNTRUSTED
43 info retry will retry, error on last attempt: Error: CERT_UNTRUSTED
44 info trying registry request attempt 3 at 07:07:57
45 http GET https://registry.npmjs.org/mongodb
46 silly lockFile b7113ca0-mongodb-3-5-9 mongodb@^3.5.9
47 silly lockFile b7113ca0-mongodb-3-5-9 mongodb@^3.5.9
48 error Error: CERT_UNTRUSTED
48 error     at SecurePair.<anonymous> (tls.js:1370:32)
48 error     at SecurePair.EventEmitter.emit (events.js:92:17)
48 error     at SecurePair.maybeInitFinished (tls.js:982:10)
48 error     at CleartextStream.read [as _read] (tls.js:469:13)
48 error     at CleartextStream.Readable.read (_stream_readable.js:320:10)
48 error     at EncryptedStream.write [as _write] (tls.js:366:25)
48 error     at doWrite (_stream_writable.js:223:10)
48 error     at writeOrBuffer (_stream_writable.js:213:5)
48 error     at EncryptedStream.Writable.write (_stream_writable.js:180:11)
48 error     at write (_stream_readable.js:583:24)
49 error If you need help, you may report this log at:
49 error     <http://github.com/isaacs/npm/issues>
49 error or email it to:
49 error     <npm-@googlegroups.com>
50 error System Linux 5.3.0-1032-aws
51 error command "/usr/bin/nodejs" "/usr/bin/npm" "install" "sha1" "mongodb"
52 error cwd /alx-files_manager
53 error node -v v0.10.25
54 error npm -v 1.3.10
55 verbose exit [ 1, true ]
